<?xml version="1.0" encoding="UTF-8"?>
<!-- Generated by org.testng.reporters.JUnitReportReporter -->
<testsuite hostname="DESKTOP-2ODO8DJ" failures="0" tests="4" name="com.DMS.testCases.TC_004_Profile" time="71.199" errors="0" timestamp="2024-01-07T19:12:21 IST" skipped="0">
  <testcase classname="com.DMS.testCases.TC_004_Profile" name="changePassword_DMS_Account" time="20.023"/>
  <testcase classname="com.DMS.testCases.TC_004_Profile" name="createDigiSign" time="22.486"/>
  <testcase classname="com.DMS.testCases.TC_004_Profile" name="updatePasswordForDigiSign" time="17.597"/>
  <testcase classname="com.DMS.testCases.TC_004_Profile" name="forgotDigiSignPassword" time="11.093"/>
</testsuite> <!-- com.DMS.testCases.TC_004_Profile -->
