<?xml version="1.0" encoding="UTF-8"?>
<!-- Generated by org.testng.reporters.JUnitReportReporter -->
<testsuite hostname="DM-LT8" failures="0" tests="3" name="com.DMS.testCases.TC_004_Profile" time="44.327" errors="0" timestamp="2024-03-22T11:56:57 IST" skipped="0">
  <testcase classname="com.DMS.testCases.TC_004_Profile" name="changePassword_DMS_Account" time="17.526"/>
  <system-out/>
  <testcase classname="com.DMS.testCases.TC_004_Profile" name="updatePasswordForDigiSign" time="17.860"/>
  <system-out/>
  <testcase classname="com.DMS.testCases.TC_004_Profile" name="forgotDigiSignPassword" time="8.941"/>
  <system-out/>
</testsuite> <!-- com.DMS.testCases.TC_004_Profile -->
