<?xml version="1.0" encoding="UTF-8"?>
<!-- Generated by org.testng.reporters.JUnitReportReporter -->
<testsuite hostname="DM-LT8" failures="0" tests="19" name="com.DMS.testCases.TC_007_Departments" time="480.240" errors="0" timestamp="2024-04-03T15:32:57 IST" skipped="0">
  <testcase classname="com.DMS.testCases.TC_007_Departments" name="mainDepartmentCreation" time="16.047"/>
  <system-out/>
  <testcase classname="com.DMS.testCases.TC_007_Departments" name="subDepartmentCreation" time="10.637"/>
  <system-out/>
  <testcase classname="com.DMS.testCases.TC_007_Departments" name="mainFolderCreation" time="19.534"/>
  <system-out/>
  <testcase classname="com.DMS.testCases.TC_007_Departments" name="MainFolder_Clone" time="28.861"/>
  <system-out/>
  <testcase classname="com.DMS.testCases.TC_007_Departments" name="MainFolder_Permission" time="21.558"/>
  <system-out/>
  <testcase classname="com.DMS.testCases.TC_007_Departments" name="MainFolder_Share" time="20.522"/>
  <system-out/>
  <testcase classname="com.DMS.testCases.TC_007_Departments" name="MainFolder_Create" time="41.458"/>
  <system-out/>
  <testcase classname="com.DMS.testCases.TC_007_Departments" name="MainFolder_Delete" time="17.338"/>
  <system-out/>
  <testcase classname="com.DMS.testCases.TC_007_Departments" name="MainFolder_Archive" time="28.551"/>
  <system-out/>
  <testcase classname="com.DMS.testCases.TC_007_Departments" name="UploadDocument" time="92.827"/>
  <system-out/>
  <testcase classname="com.DMS.testCases.TC_007_Departments" name="document_Permission" time="16.514"/>
  <system-out/>
  <testcase classname="com.DMS.testCases.TC_007_Departments" name="document_Share" time="16.479"/>
  <system-out/>
  <testcase classname="com.DMS.testCases.TC_007_Departments" name="document_Delete" time="12.276"/>
  <system-out/>
  <testcase classname="com.DMS.testCases.TC_007_Departments" name="document_Archive" time="12.298"/>
  <system-out/>
  <testcase classname="com.DMS.testCases.TC_007_Departments" name="addSignersToTheDocument" time="38.261"/>
  <system-out/>
  <testcase classname="com.DMS.testCases.TC_007_Departments" name="signersEdit" time="15.488"/>
  <system-out/>
  <testcase classname="com.DMS.testCases.TC_007_Departments" name="signDocument" time="23.526"/>
  <system-out/>
  <testcase classname="com.DMS.testCases.TC_007_Departments" name="setApprover_Document" time="12.550"/>
  <system-out/>
  <testcase classname="com.DMS.testCases.TC_007_Departments" name="addNewVersion_Doc" time="35.515"/>
  <system-out/>
</testsuite> <!-- com.DMS.testCases.TC_007_Departments -->
