<?xml version="1.0" encoding="UTF-8"?>
<!-- Generated by org.testng.reporters.JUnitReportReporter -->
<testsuite hostname="DESKTOP-2ODO8DJ" failures="0" tests="15" name="com.DMS.testCases.TC_008_MyFiles" time="386.233" errors="0" timestamp="2024-01-07T19:12:21 IST" skipped="0">
  <testcase classname="com.DMS.testCases.TC_008_MyFiles" name="mainFolderCreation" time="17.880"/>
  <testcase classname="com.DMS.testCases.TC_008_MyFiles" name="MainFolderPermission" time="22.292"/>
  <testcase classname="com.DMS.testCases.TC_008_MyFiles" name="MainFolderShare" time="21.267"/>
  <testcase classname="com.DMS.testCases.TC_008_MyFiles" name="MainFolderDelete" time="17.731"/>
  <testcase classname="com.DMS.testCases.TC_008_MyFiles" name="MainFolderArchive" time="29.452"/>
  <testcase classname="com.DMS.testCases.TC_008_MyFiles" name="UploadDocument" time="84.701"/>
  <testcase classname="com.DMS.testCases.TC_008_MyFiles" name="PermissionDocument" time="17.180"/>
  <testcase classname="com.DMS.testCases.TC_008_MyFiles" name="ShareDocument" time="17.001"/>
  <testcase classname="com.DMS.testCases.TC_008_MyFiles" name="DeleteDocument" time="12.476"/>
  <testcase classname="com.DMS.testCases.TC_008_MyFiles" name="ArchiveDocument" time="16.521"/>
  <testcase classname="com.DMS.testCases.TC_008_MyFiles" name="addSignersToTheDocument" time="38.118"/>
  <testcase classname="com.DMS.testCases.TC_008_MyFiles" name="editSigners_Document" time="16.155"/>
  <testcase classname="com.DMS.testCases.TC_008_MyFiles" name="signDocument" time="25.037"/>
  <testcase classname="com.DMS.testCases.TC_008_MyFiles" name="setApprover_Document" time="13.008"/>
  <testcase classname="com.DMS.testCases.TC_008_MyFiles" name="addNewVersion" time="37.414"/>
</testsuite> <!-- com.DMS.testCases.TC_008_MyFiles -->
