<?xml version="1.0" encoding="UTF-8"?>
<!-- Generated by org.testng.reporters.JUnitReportReporter -->
<testsuite hostname="DM-LT8" failures="0" tests="4" name="com.DMS.testCases.TC_013_TrainingPlan" time="109.082" errors="0" timestamp="2024-04-06T21:28:29 IST" skipped="0">
  <testcase classname="com.DMS.testCases.TC_013_TrainingPlan" name="addTrainingPlan_MyTrainingPlan" time="29.804"/>
  <system-out/>
  <testcase classname="com.DMS.testCases.TC_013_TrainingPlan" name="export_MyTrainingPlan" time="4.067"/>
  <system-out/>
  <testcase classname="com.DMS.testCases.TC_013_TrainingPlan" name="addTrainingPlan_addTrainingPlan" time="35.706"/>
  <system-out/>
  <testcase classname="com.DMS.testCases.TC_013_TrainingPlan" name="sign_TrainingPlanForApproval" time="39.505"/>
  <system-out/>
</testsuite> <!-- com.DMS.testCases.TC_013_TrainingPlan -->
