<?xml version="1.0" encoding="UTF-8"?>
<!-- Generated by org.testng.reporters.JUnitReportReporter -->
<testsuite hostname="DESKTOP-2ODO8DJ" failures="0" tests="1" name="com.DMS.testCases.TC_001_loginTest_Positive" time="9.020" errors="0" timestamp="2024-01-07T19:12:21 IST" skipped="0">
  <testcase classname="com.DMS.testCases.TC_001_loginTest_Positive" name="loginWithValidCredentials" time="9.020"/>
</testsuite> <!-- com.DMS.testCases.TC_001_loginTest_Positive -->
