<?xml version="1.0" encoding="UTF-8"?>
<!-- Generated by org.testng.reporters.JUnitReportReporter -->
<testsuite hostname="DESKTOP-2ODO8DJ" failures="0" tests="32" name="com.DMS.testCases.TC_009_Projects" time="750.675" errors="0" timestamp="2024-01-07T19:12:21 IST" skipped="0">
  <testcase classname="com.DMS.testCases.TC_009_Projects" name="createProject" time="14.108"/>
  <testcase classname="com.DMS.testCases.TC_009_Projects" name="importRole" time="15.285"/>
  <testcase classname="com.DMS.testCases.TC_009_Projects" name="addProjectRole" time="11.020"/>
  <testcase classname="com.DMS.testCases.TC_009_Projects" name="createUser" time="20.118"/>
  <testcase classname="com.DMS.testCases.TC_009_Projects" name="docMainFolderCreation" time="12.835"/>
  <testcase classname="com.DMS.testCases.TC_009_Projects" name="docMainFolderPermission" time="20.249"/>
  <testcase classname="com.DMS.testCases.TC_009_Projects" name="docMainFolderShare" time="17.215"/>
  <testcase classname="com.DMS.testCases.TC_009_Projects" name="docMainFolderShare_ExternalUser" time="13.949"/>
  <testcase classname="com.DMS.testCases.TC_009_Projects" name="docMainFolderDelete" time="14.695"/>
  <testcase classname="com.DMS.testCases.TC_009_Projects" name="docMainFolderArchive" time="23.396"/>
  <testcase classname="com.DMS.testCases.TC_009_Projects" name="docUploadDocument" time="73.612"/>
  <testcase classname="com.DMS.testCases.TC_009_Projects" name="docPermissionDocument" time="14.201"/>
  <testcase classname="com.DMS.testCases.TC_009_Projects" name="docShareDocument" time="14.156"/>
  <testcase classname="com.DMS.testCases.TC_009_Projects" name="docDeletDocument" time="11.495"/>
  <testcase classname="com.DMS.testCases.TC_009_Projects" name="docArchiveDocument" time="16.882"/>
  <testcase classname="com.DMS.testCases.TC_009_Projects" name="addSignersToTheDocument" time="42.156"/>
  <testcase classname="com.DMS.testCases.TC_009_Projects" name="addSigners_Document" time="12.304"/>
  <testcase classname="com.DMS.testCases.TC_009_Projects" name="signDocument" time="23.565"/>
  <testcase classname="com.DMS.testCases.TC_009_Projects" name="approvalDoc" time="12.093"/>
  <testcase classname="com.DMS.testCases.TC_009_Projects" name="addNewVersion_Doc" time="37.404"/>
  <testcase classname="com.DMS.testCases.TC_009_Projects" name="devMainFolderCreation" time="19.537"/>
  <testcase classname="com.DMS.testCases.TC_009_Projects" name="devMainFolderPermission" time="27.215"/>
  <testcase classname="com.DMS.testCases.TC_009_Projects" name="devMainFolderShare" time="17.235"/>
  <testcase classname="com.DMS.testCases.TC_009_Projects" name="devMainFolderShare_ExternalUser" time="16.017"/>
  <testcase classname="com.DMS.testCases.TC_009_Projects" name="devMainFolderDelete" time="14.752"/>
  <testcase classname="com.DMS.testCases.TC_009_Projects" name="devMainFolderArchive" time="23.259"/>
  <testcase classname="com.DMS.testCases.TC_009_Projects" name="devUploadDocument_SubmitAndSign" time="79.498"/>
  <testcase classname="com.DMS.testCases.TC_009_Projects" name="viewDocument" time="4.516"/>
  <testcase classname="com.DMS.testCases.TC_009_Projects" name="addNewVersion1" time="54.561"/>
  <testcase classname="com.DMS.testCases.TC_009_Projects" name="download_printDoc" time="10.692"/>
  <testcase classname="com.DMS.testCases.TC_009_Projects" name="devUploadDocument_Save" time="52.011"/>
  <testcase classname="com.DMS.testCases.TC_009_Projects" name="devUploadDocument_Save_Delete" time="10.644"/>
</testsuite> <!-- com.DMS.testCases.TC_009_Projects -->
