<?xml version="1.0" encoding="UTF-8"?>
<!-- Generated by org.testng.reporters.JUnitReportReporter -->
<testsuite hostname="DM-LT8" failures="0" tests="17" name="com.DMS.testCases.TC_008_MyFiles" time="451.232" errors="0" timestamp="2024-04-04T11:54:18 IST" skipped="0">
  <testcase classname="com.DMS.testCases.TC_008_MyFiles" name="mainFolderCreation" time="17.612"/>
  <system-out/>
  <testcase classname="com.DMS.testCases.TC_008_MyFiles" name="MainFolder_Clone" time="29.365"/>
  <system-out/>
  <testcase classname="com.DMS.testCases.TC_008_MyFiles" name="MainFolderPermission" time="21.896"/>
  <system-out/>
  <testcase classname="com.DMS.testCases.TC_008_MyFiles" name="MainFolderShare" time="20.927"/>
  <system-out/>
  <testcase classname="com.DMS.testCases.TC_008_MyFiles" name="MainFolder_Create" time="42.130"/>
  <system-out/>
  <testcase classname="com.DMS.testCases.TC_008_MyFiles" name="MainFolderDelete" time="17.542"/>
  <system-out/>
  <testcase classname="com.DMS.testCases.TC_008_MyFiles" name="MainFolderArchive" time="28.937"/>
  <system-out/>
  <testcase classname="com.DMS.testCases.TC_008_MyFiles" name="UploadDocument" time="83.353"/>
  <system-out/>
  <testcase classname="com.DMS.testCases.TC_008_MyFiles" name="PermissionDocument" time="16.808"/>
  <system-out/>
  <testcase classname="com.DMS.testCases.TC_008_MyFiles" name="ShareDocument" time="16.700"/>
  <system-out/>
  <testcase classname="com.DMS.testCases.TC_008_MyFiles" name="DeleteDocument" time="12.363"/>
  <system-out/>
  <testcase classname="com.DMS.testCases.TC_008_MyFiles" name="ArchiveDocument" time="16.413"/>
  <system-out/>
  <testcase classname="com.DMS.testCases.TC_008_MyFiles" name="addSignersToTheDocument" time="36.946"/>
  <system-out/>
  <testcase classname="com.DMS.testCases.TC_008_MyFiles" name="editSigners_Document" time="15.733"/>
  <system-out/>
  <testcase classname="com.DMS.testCases.TC_008_MyFiles" name="signDocument" time="24.922"/>
  <system-out/>
  <testcase classname="com.DMS.testCases.TC_008_MyFiles" name="setApprover_Document" time="12.806"/>
  <system-out/>
  <testcase classname="com.DMS.testCases.TC_008_MyFiles" name="addNewVersion" time="36.779"/>
  <system-out/>
</testsuite> <!-- com.DMS.testCases.TC_008_MyFiles -->
