<?xml version="1.0" encoding="UTF-8"?>
<!-- Generated by org.testng.reporters.JUnitReportReporter -->
<testsuite hostname="DM-LT8" failures="0" tests="5" name="com.DMS.testCases.TC_011_ConfigOnlineTest" time="214.079" errors="0" timestamp="2024-04-06T20:29:54 IST" skipped="0">
  <testcase classname="com.DMS.testCases.TC_011_ConfigOnlineTest" name="configureExam" time="36.138"/>
  <system-out/>
  <testcase classname="com.DMS.testCases.TC_011_ConfigOnlineTest" name="userAddition" time="18.847"/>
  <system-out/>
  <testcase classname="com.DMS.testCases.TC_011_ConfigOnlineTest" name="createQuestion" time="52.251"/>
  <system-out/>
  <testcase classname="com.DMS.testCases.TC_011_ConfigOnlineTest" name="uploadQuestion" time="89.995"/>
  <system-out/>
  <testcase classname="com.DMS.testCases.TC_011_ConfigOnlineTest" name="viewTest" time="16.848"/>
  <system-out/>
</testsuite> <!-- com.DMS.testCases.TC_011_ConfigOnlineTest -->
