<?xml version="1.0" encoding="UTF-8"?>
<!-- Generated by org.testng.reporters.JUnitReportReporter -->
<testsuite hostname="DESKTOP-2ODO8DJ" failures="0" tests="4" name="com.DMS.testCases.TC_013_TrainingPlan" time="99.770" errors="0" timestamp="2024-01-07T19:12:21 IST" skipped="0">
  <testcase classname="com.DMS.testCases.TC_013_TrainingPlan" name="addTrainingPlan_MyTrainingPlan" time="30.718"/>
  <testcase classname="com.DMS.testCases.TC_013_TrainingPlan" name="export_MyTrainingPlan" time="4.141"/>
  <testcase classname="com.DMS.testCases.TC_013_TrainingPlan" name="sign_TrainingPlanForApproval" time="34.237"/>
  <testcase classname="com.DMS.testCases.TC_013_TrainingPlan" name="addTrainingPlan_addTrainingPlan" time="30.674"/>
</testsuite> <!-- com.DMS.testCases.TC_013_TrainingPlan -->
