<?xml version="1.0" encoding="UTF-8"?>
<!-- Generated by org.testng.reporters.JUnitReportReporter -->
<testsuite hostname="DM-LT8" failures="0" tests="4" name="com.DMS.testCases.TC_012_TestResult" time="177.653" errors="0" timestamp="2024-04-06T20:33:35 IST" skipped="0">
  <testcase classname="com.DMS.testCases.TC_012_TestResult" name="submitExam" time="65.549"/>
  <system-out/>
  <testcase classname="com.DMS.testCases.TC_012_TestResult" name="signTest_Initiator" time="63.146"/>
  <system-out/>
  <testcase classname="com.DMS.testCases.TC_012_TestResult" name="downloadTest" time="10.787"/>
  <system-out/>
  <testcase classname="com.DMS.testCases.TC_012_TestResult" name="sign_test_Supervisor" time="38.171"/>
  <system-out/>
</testsuite> <!-- com.DMS.testCases.TC_012_TestResult -->
