<?xml version="1.0" encoding="UTF-8"?>
<!-- Generated by org.testng.reporters.JUnitReportReporter -->
<testsuite hostname="DESKTOP-2ODO8DJ" failures="0" tests="2" name="com.DMS.testCases.TC_010_DocumentApprovals" time="86.756" errors="0" timestamp="2024-01-07T19:12:21 IST" skipped="0">
  <testcase classname="com.DMS.testCases.TC_010_DocumentApprovals" name="viewDocumet_Approval" time="49.395"/>
  <testcase classname="com.DMS.testCases.TC_010_DocumentApprovals" name="viewDocumet_Reject" time="37.361"/>
</testsuite> <!-- com.DMS.testCases.TC_010_DocumentApprovals -->
