<?xml version="1.0" encoding="UTF-8"?>
<!-- Generated by org.testng.reporters.JUnitReportReporter -->
<testsuite hostname="DESKTOP-2ODO8DJ" failures="0" tests="5" name="com.DMS.testCases.TC_015_TrainingAcknowledgement" time="95.468" errors="0" timestamp="2024-01-07T19:12:21 IST" skipped="0">
  <testcase classname="com.DMS.testCases.TC_015_TrainingAcknowledgement" name="sign_MyTraining" time="32.884"/>
  <testcase classname="com.DMS.testCases.TC_015_TrainingAcknowledgement" name="view_download_MyTraining" time="6.920"/>
  <testcase classname="com.DMS.testCases.TC_015_TrainingAcknowledgement" name="sign_Verification" time="29.309"/>
  <testcase classname="com.DMS.testCases.TC_015_TrainingAcknowledgement" name="downloadSignedDoc_Verification" time="17.710"/>
  <testcase classname="com.DMS.testCases.TC_015_TrainingAcknowledgement" name="assignTraining" time="8.645"/>
</testsuite> <!-- com.DMS.testCases.TC_015_TrainingAcknowledgement -->
