<?xml version="1.0" encoding="UTF-8"?>
<!-- Generated by org.testng.reporters.JUnitReportReporter -->
<testsuite hostname="DESKTOP-2ODO8DJ" failures="0" tests="1" name="com.DMS.testCases.TC_014_ConfigProcessTraining" time="37.035" errors="0" timestamp="2024-01-07T19:12:21 IST" skipped="0">
  <testcase classname="com.DMS.testCases.TC_014_ConfigProcessTraining" name="assignSOP" time="37.035"/>
</testsuite> <!-- com.DMS.testCases.TC_014_ConfigProcessTraining -->
