<?xml version="1.0" encoding="UTF-8"?>
<!-- Generated by org.testng.reporters.JUnitReportReporter -->
<testsuite hostname="DESKTOP-2ODO8DJ" failures="0" tests="5" name="com.DMS.testCases.TC_011_ConfigOnlineTest" time="201.559" errors="0" timestamp="2024-01-07T19:12:21 IST" skipped="0">
  <testcase classname="com.DMS.testCases.TC_011_ConfigOnlineTest" name="configureExam" time="37.272"/>
  <testcase classname="com.DMS.testCases.TC_011_ConfigOnlineTest" name="userAddition" time="19.268"/>
  <testcase classname="com.DMS.testCases.TC_011_ConfigOnlineTest" name="createQuestion" time="78.132"/>
  <testcase classname="com.DMS.testCases.TC_011_ConfigOnlineTest" name="uploadQuestion" time="49.691"/>
  <testcase classname="com.DMS.testCases.TC_011_ConfigOnlineTest" name="viewTest" time="17.196"/>
</testsuite> <!-- com.DMS.testCases.TC_011_ConfigOnlineTest -->
