<?xml version="1.0" encoding="UTF-8"?>
<!-- Generated by org.testng.reporters.JUnitReportReporter -->
<testsuite hostname="DESKTOP-2ODO8DJ" failures="0" tests="4" name="com.DMS.testCases.TC_012_TestResult" time="98.707" errors="0" timestamp="2024-01-07T19:12:21 IST" skipped="0">
  <testcase classname="com.DMS.testCases.TC_012_TestResult" name="downloadTest" time="17.611"/>
  <testcase classname="com.DMS.testCases.TC_012_TestResult" name="signTest_Initiator" time="28.539"/>
  <testcase classname="com.DMS.testCases.TC_012_TestResult" name="sign_test_Supervisor" time="32.754"/>
  <testcase classname="com.DMS.testCases.TC_012_TestResult" name="submitExam" time="19.803"/>
</testsuite> <!-- com.DMS.testCases.TC_012_TestResult -->
