<?xml version="1.0" encoding="UTF-8"?>
<!-- Generated by org.testng.reporters.JUnitReportReporter -->
<testsuite hostname="DM-LT8" failures="0" tests="3" name="com.DMS.testCases.TC_015_TrainingAcknowledgement" time="81.052" errors="0" timestamp="2024-04-06T21:49:51 IST" skipped="0">
  <testcase classname="com.DMS.testCases.TC_015_TrainingAcknowledgement" name="sign_MyTraining" time="31.791"/>
  <system-out/>
  <testcase classname="com.DMS.testCases.TC_015_TrainingAcknowledgement" name="assignTraining" time="11.746"/>
  <system-out/>
  <testcase classname="com.DMS.testCases.TC_015_TrainingAcknowledgement" name="sign_Verification" time="37.515"/>
  <system-out/>
</testsuite> <!-- com.DMS.testCases.TC_015_TrainingAcknowledgement -->
