<?xml version="1.0" encoding="UTF-8"?>
<!-- Generated by org.testng.reporters.JUnitReportReporter -->
<testsuite hostname="DESKTOP-2ODO8DJ" failures="0" tests="1" name="com.DMS.testCases.TC_002_loginTest_Negative" time="1.077" errors="0" timestamp="2024-01-07T19:12:21 IST" skipped="0">
  <testcase classname="com.DMS.testCases.TC_002_loginTest_Negative" name="loginWithInvalidCredentials" time="1.077"/>
</testsuite> <!-- com.DMS.testCases.TC_002_loginTest_Negative -->
