<?xml version="1.0" encoding="UTF-8"?>
<!-- Generated by org.testng.reporters.JUnitReportReporter -->
<testsuite hostname="DESKTOP-2ODO8DJ" failures="0" tests="2" name="com.DMS.testCases.TC_005_Users" time="46.966" errors="0" timestamp="2024-01-07T19:12:21 IST" skipped="0">
  <testcase classname="com.DMS.testCases.TC_005_Users" name="usersPage" time="36.107"/>
  <testcase classname="com.DMS.testCases.TC_005_Users" name="delete" time="10.859"/>
</testsuite> <!-- com.DMS.testCases.TC_005_Users -->
