<?xml version="1.0" encoding="UTF-8"?>
<!-- Generated by org.testng.reporters.JUnitReportReporter -->
<testsuite hostname="DM-LT8" failures="0" tests="2" name="com.DMS.testCases.TC_005_Users" time="44.110" errors="0" timestamp="2024-03-22T11:59:05 IST" skipped="0">
  <testcase classname="com.DMS.testCases.TC_005_Users" name="usersPage" time="33.612"/>
  <system-out/>
  <testcase classname="com.DMS.testCases.TC_005_Users" name="delete" time="10.498"/>
  <system-out/>
</testsuite> <!-- com.DMS.testCases.TC_005_Users -->
