<?xml version="1.0" encoding="UTF-8"?>
<!-- Generated by org.testng.reporters.JUnitReportReporter -->
<testsuite hostname="DESKTOP-2ODO8DJ" failures="0" tests="6" name="com.DMS.testCases.TC_006_ConfigBookmarkSign" time="71.159" errors="0" timestamp="2024-01-07T19:12:21 IST" skipped="0">
  <testcase classname="com.DMS.testCases.TC_006_ConfigBookmarkSign" name="createDocumentType" time="15.200"/>
  <testcase classname="com.DMS.testCases.TC_006_ConfigBookmarkSign" name="editDocumentType" time="19.630"/>
  <testcase classname="com.DMS.testCases.TC_006_ConfigBookmarkSign" name="addBookmark" time="10.855"/>
  <testcase classname="com.DMS.testCases.TC_006_ConfigBookmarkSign" name="editBookmark" time="12.717"/>
  <testcase classname="com.DMS.testCases.TC_006_ConfigBookmarkSign" name="deleteBookmark" time="8.355"/>
  <testcase classname="com.DMS.testCases.TC_006_ConfigBookmarkSign" name="deleteDocumentType" time="4.402"/>
</testsuite> <!-- com.DMS.testCases.TC_006_ConfigBookmarkSign -->
