<?xml version="1.0" encoding="UTF-8"?>
<!-- Generated by org.testng.reporters.JUnitReportReporter -->
<testsuite hostname="DESKTOP-2ODO8DJ" failures="0" tests="17" name="com.DMS.testCases.TC_007_Departments" time="433.123" errors="0" timestamp="2024-01-07T19:12:21 IST" skipped="0">
  <testcase classname="com.DMS.testCases.TC_007_Departments" name="mainDepartmentCreation" time="20.985"/>
  <testcase classname="com.DMS.testCases.TC_007_Departments" name="subDepartmentCreation" time="11.747"/>
  <testcase classname="com.DMS.testCases.TC_007_Departments" name="mainFolderCreation" time="20.176"/>
  <testcase classname="com.DMS.testCases.TC_007_Departments" name="MainFolder_Permission" time="22.261"/>
  <testcase classname="com.DMS.testCases.TC_007_Departments" name="MainFolder_Share" time="21.247"/>
  <testcase classname="com.DMS.testCases.TC_007_Departments" name="MainFolder_Delete" time="17.812"/>
  <testcase classname="com.DMS.testCases.TC_007_Departments" name="MainFolder_Archive" time="29.266"/>
  <testcase classname="com.DMS.testCases.TC_007_Departments" name="UploadDocument" time="95.730"/>
  <testcase classname="com.DMS.testCases.TC_007_Departments" name="document_Permission" time="17.317"/>
  <testcase classname="com.DMS.testCases.TC_007_Departments" name="document_Share" time="17.180"/>
  <testcase classname="com.DMS.testCases.TC_007_Departments" name="document_Delete" time="12.582"/>
  <testcase classname="com.DMS.testCases.TC_007_Departments" name="document_Archive" time="12.647"/>
  <testcase classname="com.DMS.testCases.TC_007_Departments" name="addSignersToTheDocument" time="39.935"/>
  <testcase classname="com.DMS.testCases.TC_007_Departments" name="signersEdit" time="16.654"/>
  <testcase classname="com.DMS.testCases.TC_007_Departments" name="signDocument" time="25.017"/>
  <testcase classname="com.DMS.testCases.TC_007_Departments" name="setApprover_Document" time="13.131"/>
  <testcase classname="com.DMS.testCases.TC_007_Departments" name="addNewVersion_Doc" time="39.436"/>
</testsuite> <!-- com.DMS.testCases.TC_007_Departments -->
