<?xml version="1.0" encoding="UTF-8"?>
<!-- Generated by org.testng.reporters.JUnitReportReporter -->
<testsuite hostname="DM-LT8" failures="0" tests="34" name="com.DMS.testCases.TC_009_Projects" time="825.407" errors="0" timestamp="2024-04-07T16:34:52 IST" skipped="0">
  <testcase classname="com.DMS.testCases.TC_009_Projects" name="createProject" time="13.164"/>
  <system-out/>
  <testcase classname="com.DMS.testCases.TC_009_Projects" name="importRole" time="14.644"/>
  <system-out/>
  <testcase classname="com.DMS.testCases.TC_009_Projects" name="addProjectRole" time="10.323"/>
  <system-out/>
  <testcase classname="com.DMS.testCases.TC_009_Projects" name="createUser" time="19.790"/>
  <system-out/>
  <testcase classname="com.DMS.testCases.TC_009_Projects" name="docMainFolderCreation" time="12.351"/>
  <system-out/>
  <testcase classname="com.DMS.testCases.TC_009_Projects" name="MainFolder_Clone" time="27.907"/>
  <system-out/>
  <testcase classname="com.DMS.testCases.TC_009_Projects" name="docMainFolderPermission" time="21.486"/>
  <system-out/>
  <testcase classname="com.DMS.testCases.TC_009_Projects" name="docMainFolderShare" time="16.521"/>
  <system-out/>
  <testcase classname="com.DMS.testCases.TC_009_Projects" name="docMainFolderShare_ExternalUser" time="13.434"/>
  <system-out/>
  <testcase classname="com.DMS.testCases.TC_009_Projects" name="MainFolder_Create" time="42.553"/>
  <system-out/>
  <testcase classname="com.DMS.testCases.TC_009_Projects" name="docMainFolderDelete" time="14.352"/>
  <system-out/>
  <testcase classname="com.DMS.testCases.TC_009_Projects" name="docMainFolderArchive" time="22.627"/>
  <system-out/>
  <testcase classname="com.DMS.testCases.TC_009_Projects" name="docUploadDocument" time="71.604"/>
  <system-out/>
  <testcase classname="com.DMS.testCases.TC_009_Projects" name="docPermissionDocument" time="13.532"/>
  <system-out/>
  <testcase classname="com.DMS.testCases.TC_009_Projects" name="docShareDocument" time="13.505"/>
  <system-out/>
  <testcase classname="com.DMS.testCases.TC_009_Projects" name="docDeletDocument" time="11.278"/>
  <system-out/>
  <testcase classname="com.DMS.testCases.TC_009_Projects" name="docArchiveDocument" time="16.088"/>
  <system-out/>
  <testcase classname="com.DMS.testCases.TC_009_Projects" name="addSignersToTheDocument" time="40.445"/>
  <system-out/>
  <testcase classname="com.DMS.testCases.TC_009_Projects" name="addSigners_Document" time="12.512"/>
  <system-out/>
  <testcase classname="com.DMS.testCases.TC_009_Projects" name="signDocument" time="22.607"/>
  <system-out/>
  <testcase classname="com.DMS.testCases.TC_009_Projects" name="approvalDoc" time="11.632"/>
  <system-out/>
  <testcase classname="com.DMS.testCases.TC_009_Projects" name="addNewVersion_Doc" time="36.520"/>
  <system-out/>
  <testcase classname="com.DMS.testCases.TC_009_Projects" name="devMainFolderCreation" time="18.637"/>
  <system-out/>
  <testcase classname="com.DMS.testCases.TC_009_Projects" name="devMainFolder_Clone" time="27.931"/>
  <system-out/>
  <testcase classname="com.DMS.testCases.TC_009_Projects" name="devMainFolderPermission" time="33.720"/>
  <system-out/>
  <testcase classname="com.DMS.testCases.TC_009_Projects" name="devMainFolderShare" time="16.684"/>
  <system-out/>
  <testcase classname="com.DMS.testCases.TC_009_Projects" name="devMainFolderDelete" time="14.462"/>
  <system-out/>
  <testcase classname="com.DMS.testCases.TC_009_Projects" name="devMainFolderArchive" time="22.521"/>
  <system-out/>
  <testcase classname="com.DMS.testCases.TC_009_Projects" name="devUploadDocument_SubmitAndSign" time="75.602"/>
  <system-out/>
  <testcase classname="com.DMS.testCases.TC_009_Projects" name="viewDocument" time="8.346"/>
  <system-out/>
  <testcase classname="com.DMS.testCases.TC_009_Projects" name="addNewVersion1" time="52.393"/>
  <system-out/>
  <testcase classname="com.DMS.testCases.TC_009_Projects" name="download_printDoc" time="10.282"/>
  <system-out/>
  <testcase classname="com.DMS.testCases.TC_009_Projects" name="devUploadDocument_Save" time="51.576"/>
  <system-out/>
  <testcase classname="com.DMS.testCases.TC_009_Projects" name="devUploadDocument_Save_Delete" time="14.378"/>
  <system-out/>
</testsuite> <!-- com.DMS.testCases.TC_009_Projects -->
