<?xml version="1.0" encoding="UTF-8"?>
<!-- Generated by org.testng.reporters.JUnitReportReporter -->
<testsuite hostname="DM-LT8" failures="0" tests="1" name="com.DMS.testCases.TC_002_loginTest_Negative" time="10.720" errors="0" timestamp="2024-03-21T16:51:05 IST" skipped="0">
  <testcase classname="com.DMS.testCases.TC_002_loginTest_Negative" name="loginWithInvalidCredentials" time="10.720"/>
  <system-out/>
</testsuite> <!-- com.DMS.testCases.TC_002_loginTest_Negative -->
